<?xml version="1.0" encoding="UTF-8"?>
<testsuite xmlns:xsi="http://www.w3.org/2001/XMLSchema-instance" xsi:noNamespaceSchemaLocation="https://maven.apache.org/surefire/maven-surefire-plugin/xsd/surefire-test-report-3.0.xsd" version="3.0" name="com.mypharmaalphax.starhub.StarhubApplicationTests" time="8.685" tests="1" errors="0" skipped="0" failures="0">
  <properties>
[...]
</properties>
  <testcase name="contextLoads" classname="com.mypharmaalphax.starhub.StarhubApplicationTests" time="2.36">
    <system-out><![CDATA[19:35:43.187 [main] INFO org.springframework.test.context.support.AnnotationConfigContextLoaderUtils -- Could not detect default configuration classes for test class [com.mypharmaalphax.starhub.StarhubApplicationTests]: StarhubApplicationTests does not declare any static, non-private, non-final, nested classes annotated with @Configuration.
19:35:43.410 [main] INFO org.springframework.boot.test.context.SpringBootTestContextBootstrapper -- Found @SpringBootConfiguration com.mypharmaalphax.starhub.StarhubApplication for test class com.mypharmaalphax.starhub.StarhubApplicationTests

  .   ____          _            __ _ _
 /\\ / ___'_ __ _ _(_)_ __  __ _ \ \ \ \
( ( )\___ | '_ | '_| | '_ \/ _` | \ \ \ \
 \\/  ___)| |_)| | | | | || (_| |  ) ) ) )
  '  |____| .__|_| |_|_| |_\__, | / / / /
 =========|_|==============|___/=/_/_/_/
 :: Spring Boot ::                (v3.2.3)

2024-02-26T19:35:44.254-05:00  INFO 12024 --- [           main] c.m.starhub.StarhubApplicationTests      : Starting StarhubApplicationTests using Java 21.0.1 with PID 12024 (started by samr in /Users/samr/Development/projects/ResearchProjects/starhub)
2024-02-26T19:35:44.257-05:00  INFO 12024 --- [           main] c.m.starhub.StarhubApplicationTests      : No active profile set, falling back to 1 default profile: "default"
2024-02-26T19:35:45.727-05:00  INFO 12024 --- [           main] .s.d.r.c.RepositoryConfigurationDelegate : Bootstrapping Spring Data MongoDB repositories in DEFAULT mode.
2024-02-26T19:35:45.803-05:00  INFO 12024 --- [           main] .s.d.r.c.RepositoryConfigurationDelegate : Finished Spring Data repository scanning in 69 ms. Found 1 MongoDB repository interface.
2024-02-26T19:35:46.738-05:00  INFO 12024 --- [1ft.mongodb.net] org.mongodb.driver.cluster               : Adding discovered server ac-ulob9nk-shard-00-00.if6f1ft.mongodb.net:27017 to client view of cluster
2024-02-26T19:35:46.743-05:00  INFO 12024 --- [           main] org.mongodb.driver.client                : MongoClient with metadata {"driver": {"name": "mongo-java-driver|sync|spring-boot", "version": "4.11.1"}, "os": {"type": "Darwin", "name": "Mac OS X", "architecture": "x86_64", "version": "12.7.1"}, "platform": "Java/SAP SE/21.0.1+12-LTS-sapmachine"} created with settings MongoClientSettings{readPreference=primary, writeConcern=WriteConcern{w=null, wTimeout=null ms, journal=null}, retryWrites=true, retryReads=true, readConcern=ReadConcern{level=null}, credential=MongoCredential{mechanism=null, userName='MyPharmaAdmin', source='admin', password=<hidden>, mechanismProperties=<hidden>}, transportSettings=null, streamFactoryFactory=null, commandListeners=[], codecRegistry=ProvidersCodecRegistry{codecProviders=[ValueCodecProvider{}, BsonValueCodecProvider{}, DBRefCodecProvider{}, DBObjectCodecProvider{}, DocumentCodecProvider{}, CollectionCodecProvider{}, IterableCodecProvider{}, MapCodecProvider{}, GeoJsonCodecProvider{}, GridFSFileCodecProvider{}, Jsr310CodecProvider{}, JsonObjectCodecProvider{}, BsonCodecProvider{}, EnumCodecProvider{}, com.mongodb.client.model.mql.ExpressionCodecProvider@66f5a02e, com.mongodb.Jep395RecordCodecProvider@4e3f2908, com.mongodb.KotlinCodecProvider@7e87ef9e]}, loggerSettings=LoggerSettings{maxDocumentLength=1000}, clusterSettings={hosts=[127.0.0.1:27017], srvHost=mycluster.if6f1ft.mongodb.net, srvServiceName=mongodb, mode=MULTIPLE, requiredClusterType=REPLICA_SET, requiredReplicaSetName='atlas-srt6ek-shard-0', serverSelector='null', clusterListeners='[]', serverSelectionTimeout='30000 ms', localThreshold='15 ms'}, socketSettings=SocketSettings{connectTimeoutMS=10000, readTimeoutMS=0, receiveBufferSize=0, proxySettings=ProxySettings{host=null, port=null, username=null, password=null}}, heartbeatSocketSettings=SocketSettings{connectTimeoutMS=10000, readTimeoutMS=10000, receiveBufferSize=0, proxySettings=ProxySettings{host=null, port=null, username=null, password=null}}, connectionPoolSettings=ConnectionPoolSettings{maxSize=100, minSize=0, maxWaitTimeMS=120000, maxConnectionLifeTimeMS=0, maxConnectionIdleTimeMS=0, maintenanceInitialDelayMS=0, maintenanceFrequencyMS=60000, connectionPoolListeners=[], maxConnecting=2}, serverSettings=ServerSettings{heartbeatFrequencyMS=10000, minHeartbeatFrequencyMS=500, serverListeners='[]', serverMonitorListeners='[]'}, sslSettings=SslSettings{enabled=true, invalidHostNameAllowed=false, context=null}, applicationName='null', compressorList=[], uuidRepresentation=JAVA_LEGACY, serverApi=null, autoEncryptionSettings=null, dnsClient=null, inetAddressResolver=null, contextProvider=null}
2024-02-26T19:35:46.792-05:00  INFO 12024 --- [1ft.mongodb.net] org.mongodb.driver.cluster               : Adding discovered server ac-ulob9nk-shard-00-02.if6f1ft.mongodb.net:27017 to client view of cluster
2024-02-26T19:35:46.804-05:00  INFO 12024 --- [1ft.mongodb.net] org.mongodb.driver.cluster               : Adding discovered server ac-ulob9nk-shard-00-01.if6f1ft.mongodb.net:27017 to client view of cluster
2024-02-26T19:35:47.758-05:00  INFO 12024 --- [ngodb.net:27017] org.mongodb.driver.cluster               : Monitor thread successfully connected to server with description ServerDescription{address=ac-ulob9nk-shard-00-02.if6f1ft.mongodb.net:27017, type=REPLICA_SET_SECONDARY, state=CONNECTED, ok=true, minWireVersion=0, maxWireVersion=17, maxDocumentSize=16777216, logicalSessionTimeoutMinutes=30, roundTripTimeNanos=556968095, setName='atlas-srt6ek-shard-0', canonicalAddress=ac-ulob9nk-shard-00-02.if6f1ft.mongodb.net:27017, hosts=[ac-ulob9nk-shard-00-00.if6f1ft.mongodb.net:27017, ac-ulob9nk-shard-00-01.if6f1ft.mongodb.net:27017, ac-ulob9nk-shard-00-02.if6f1ft.mongodb.net:27017], passives=[], arbiters=[], primary='ac-ulob9nk-shard-00-01.if6f1ft.mongodb.net:27017', tagSet=TagSet{[Tag{name='availabilityZone', value='use1-az2'}, Tag{name='diskState', value='READY'}, Tag{name='nodeType', value='ELECTABLE'}, Tag{name='provider', value='AWS'}, Tag{name='region', value='US_EAST_1'}, Tag{name='workloadType', value='OPERATIONAL'}]}, electionId=null, setVersion=11, topologyVersion=TopologyVersion{processId=65dd15d5bcb802c2c1c41137, counter=4}, lastWriteDate=Mon Feb 26 19:35:50 EST 2024, lastUpdateTimeNanos=23472244277426}
2024-02-26T19:35:47.760-05:00  INFO 12024 --- [ngodb.net:27017] org.mongodb.driver.cluster               : Monitor thread successfully connected to server with description ServerDescription{address=ac-ulob9nk-shard-00-01.if6f1ft.mongodb.net:27017, type=REPLICA_SET_PRIMARY, state=CONNECTED, ok=true, minWireVersion=0, maxWireVersion=17, maxDocumentSize=16777216, logicalSessionTimeoutMinutes=30, roundTripTimeNanos=557853662, setName='atlas-srt6ek-shard-0', canonicalAddress=ac-ulob9nk-shard-00-01.if6f1ft.mongodb.net:27017, hosts=[ac-ulob9nk-shard-00-00.if6f1ft.mongodb.net:27017, ac-ulob9nk-shard-00-01.if6f1ft.mongodb.net:27017, ac-ulob9nk-shard-00-02.if6f1ft.mongodb.net:27017], passives=[], arbiters=[], primary='ac-ulob9nk-shard-00-01.if6f1ft.mongodb.net:27017', tagSet=TagSet{[Tag{name='availabilityZone', value='use1-az1'}, Tag{name='diskState', value='READY'}, Tag{name='nodeType', value='ELECTABLE'}, Tag{name='provider', value='AWS'}, Tag{name='region', value='US_EAST_1'}, Tag{name='workloadType', value='OPERATIONAL'}]}, electionId=7fffffff0000000000000104, setVersion=11, topologyVersion=TopologyVersion{processId=65dcb8b9d97d223cfde72b4f, counter=7}, lastWriteDate=Mon Feb 26 19:35:50 EST 2024, lastUpdateTimeNanos=23472244366927}
2024-02-26T19:35:47.760-05:00  INFO 12024 --- [ngodb.net:27017] org.mongodb.driver.cluster               : Monitor thread successfully connected to server with description ServerDescription{address=ac-ulob9nk-shard-00-00.if6f1ft.mongodb.net:27017, type=REPLICA_SET_SECONDARY, state=CONNECTED, ok=true, minWireVersion=0, maxWireVersion=17, maxDocumentSize=16777216, logicalSessionTimeoutMinutes=30, roundTripTimeNanos=568144437, setName='atlas-srt6ek-shard-0', canonicalAddress=ac-ulob9nk-shard-00-00.if6f1ft.mongodb.net:27017, hosts=[ac-ulob9nk-shard-00-00.if6f1ft.mongodb.net:27017, ac-ulob9nk-shard-00-01.if6f1ft.mongodb.net:27017, ac-ulob9nk-shard-00-02.if6f1ft.mongodb.net:27017], passives=[], arbiters=[], primary='ac-ulob9nk-shard-00-01.if6f1ft.mongodb.net:27017', tagSet=TagSet{[Tag{name='availabilityZone', value='use1-az6'}, Tag{name='diskState', value='READY'}, Tag{name='nodeType', value='ELECTABLE'}, Tag{name='provider', value='AWS'}, Tag{name='region', value='US_EAST_1'}, Tag{name='workloadType', value='OPERATIONAL'}]}, electionId=null, setVersion=11, topologyVersion=TopologyVersion{processId=65dcb60a9416b96df9852571, counter=9}, lastWriteDate=Mon Feb 26 19:35:50 EST 2024, lastUpdateTimeNanos=23472245109793}
2024-02-26T19:35:47.779-05:00  INFO 12024 --- [ngodb.net:27017] org.mongodb.driver.cluster               : Discovered replica set primary ac-ulob9nk-shard-00-01.if6f1ft.mongodb.net:27017 with max election id 7fffffff0000000000000104 and max set version 11
2024-02-26T19:35:48.268-05:00  INFO 12024 --- [           main] o.s.s.web.DefaultSecurityFilterChain     : Will secure any request with [org.springframework.security.web.session.DisableEncodeUrlFilter@60fc7f43, org.springframework.security.web.context.request.async.WebAsyncManagerIntegrationFilter@16e195cf, org.springframework.security.web.context.SecurityContextHolderFilter@701d2b59, org.springframework.security.web.header.HeaderWriterFilter@21090c88, org.springframework.web.filter.CorsFilter@3212d853, org.springframework.security.web.csrf.CsrfFilter@69e2fe3b, org.springframework.security.web.authentication.logout.LogoutFilter@1657b017, org.springframework.security.web.authentication.UsernamePasswordAuthenticationFilter@3b021664, org.springframework.security.web.authentication.ui.DefaultLoginPageGeneratingFilter@6ea66c33, org.springframework.security.web.authentication.ui.DefaultLogoutPageGeneratingFilter@74c7522c, org.springframework.security.web.authentication.www.BasicAuthenticationFilter@e154848, org.springframework.security.web.savedrequest.RequestCacheAwareFilter@65d73bd, org.springframework.security.web.servletapi.SecurityContextHolderAwareRequestFilter@27896d3b, org.springframework.security.web.authentication.AnonymousAuthenticationFilter@77c23d90, org.springframework.security.web.access.ExceptionTranslationFilter@cec590c, org.springframework.security.web.access.intercept.AuthorizationFilter@15d65fcf]
2024-02-26T19:35:49.040-05:00  INFO 12024 --- [           main] c.m.starhub.StarhubApplicationTests      : Started StarhubApplicationTests in 5.307 seconds (process running for 7.69)
]]></system-out>
    <system-err><![CDATA[WARNING: A Java agent has been loaded dynamically (/Users/samr/.m2/repository/net/bytebuddy/byte-buddy-agent/1.14.12/byte-buddy-agent-1.14.12.jar)
WARNING: If a serviceability tool is in use, please run with -XX:+EnableDynamicAgentLoading to hide this warning
WARNING: If a serviceability tool is not in use, please run with -Djdk.instrument.traceUsage for more information
WARNING: Dynamic loading of agents will be disallowed by default in a future release
]]></system-err>
  </testcase>
</testsuite>